<?xml version="1.0" encoding="UTF-8"?>
<!-- Generated by org.testng.reporters.JUnitReportReporter -->
<testsuite hostname="CHINKU" name="com.gmail.compose.UploadTest" tests="1" failures="0" timestamp="29 Apr 2017 01:49:53 GMT" time="20.850" errors="0">
  <testcase name="GmailTest" time="20.850" classname="com.gmail.compose.UploadTest"/>
</testsuite> <!-- com.gmail.compose.UploadTest -->
